app/build/intermediates/manifest_merge_blame_file/debug/manifest-merger-blame-debug-report.txt
1<?xml version="1.0" encoding="utf-8"?>
2<manifest xmlns:android="http://schemas.android.com/apk/res/android"
3    package="com.androidfaceauthentication"
4    android:versionCode="1"
5    android:versionName="1.0" >
6
7    <uses-sdk
8        android:minSdkVersion="27"
8-->src\main\AndroidManifest.xml
9        android:targetSdkVersion="30" />
9-->src\main\AndroidManifest.xml
10
11    <uses-feature android:name="android.hardware.camera" />
11-->src\main\AndroidManifest.xml:5:5-59
11-->src\main\AndroidManifest.xml:5:19-57
12
13    <uses-permission android:name="android.permission.CAMERA" />
13-->src\main\AndroidManifest.xml:7:5-64
13-->src\main\AndroidManifest.xml:7:22-62
14    <uses-permission android:name="android.permission.ACCESS_WIFI_STATE" />
14-->src\main\AndroidManifest.xml:8:5-75
14-->src\main\AndroidManifest.xml:8:22-73
15    <uses-permission android:name="android.permission.INTERNET" />
15-->src\main\AndroidManifest.xml:9:5-66
15-->src\main\AndroidManifest.xml:9:22-64
16    <uses-permission android:name="android.permission.ACCESS_NETWORK_STATE" /> <!-- <uses-permission android:name="android.permission.READ_EXTERNAL_STORAGE"/> -->
16-->[com.firebaseui:firebase-ui-auth:7.2.0] AndroidManifest.xml:12:5-79
16-->[com.firebaseui:firebase-ui-auth:7.2.0] AndroidManifest.xml:12:22-76
17    <!-- <uses-permission android:name="android.permission.READ_INTERNAL_STORAGE"/> -->
18    <!-- <uses-permission android:name="android.permission.WRITE_EXTERNAL_STORAGE"/> -->
19    <!-- <uses-permission android:name="android.permission.WRITE_INTERNAL_STORAGE"/> -->
20    <!-- <uses-permission android:name="android.permission.DOWNLOAD_WITHOUT_NOTIFICATION"/> -->
21    <application
21-->src\main\AndroidManifest.xml:16:5-42:19
22        android:name="com.androidfaceauthentication.App"
22-->src\main\AndroidManifest.xml:17:9-28
23        android:allowBackup="true"
23-->src\main\AndroidManifest.xml:18:9-35
24        android:appComponentFactory="androidx.core.app.CoreComponentFactory"
24-->[androidx.core:core:1.5.0] AndroidManifest.xml:24:18-86
25        android:debuggable="true"
26        android:extractNativeLibs="false"
27        android:icon="@mipmap/ic_launcher"
27-->src\main\AndroidManifest.xml:19:9-43
28        android:label="@string/app_name"
28-->src\main\AndroidManifest.xml:20:9-41
29        android:roundIcon="@mipmap/ic_launcher_round"
29-->src\main\AndroidManifest.xml:21:9-54
30        android:supportsRtl="true"
30-->src\main\AndroidManifest.xml:22:9-35
31        android:testOnly="true"
32        android:theme="@style/Theme.AndroidFaceAuthentication" >
32-->src\main\AndroidManifest.xml:23:9-63
33        <activity
33-->src\main\AndroidManifest.xml:24:9-32:20
34            android:name="com.androidfaceauthentication.SplashScreen"
34-->src\main\AndroidManifest.xml:25:13-41
35            android:exported="true" >
35-->src\main\AndroidManifest.xml:26:13-36
36            <intent-filter>
36-->src\main\AndroidManifest.xml:27:13-31:29
37                <action android:name="android.intent.action.MAIN" />
37-->src\main\AndroidManifest.xml:28:17-68
37-->src\main\AndroidManifest.xml:28:25-66
38
39                <category android:name="android.intent.category.LAUNCHER" />
39-->src\main\AndroidManifest.xml:30:17-76
39-->src\main\AndroidManifest.xml:30:27-74
40            </intent-filter>
41        </activity>
42        <activity
42-->src\main\AndroidManifest.xml:33:9-36:20
43            android:name="com.androidfaceauthentication.MainActivity"
43-->src\main\AndroidManifest.xml:34:13-41
44            android:exported="false" >
44-->src\main\AndroidManifest.xml:35:13-37
45        </activity>
46        <activity
46-->src\main\AndroidManifest.xml:37:9-41:20
47            android:name="com.androidfaceauthentication.CameraXLivePreviewActivity"
47-->src\main\AndroidManifest.xml:38:13-55
48            android:exported="false"
48-->src\main\AndroidManifest.xml:39:13-37
49            android:screenOrientation="portrait" >
49-->src\main\AndroidManifest.xml:40:13-49
50        </activity>
51
52        <meta-data
52-->[com.firebaseui:firebase-ui-auth:7.2.0] AndroidManifest.xml:16:9-18:69
53            android:name="com.google.android.gms.version"
53-->[com.firebaseui:firebase-ui-auth:7.2.0] AndroidManifest.xml:17:13-58
54            android:value="@integer/google_play_services_version" />
54-->[com.firebaseui:firebase-ui-auth:7.2.0] AndroidManifest.xml:18:13-66
55        <meta-data
55-->[com.firebaseui:firebase-ui-auth:7.2.0] AndroidManifest.xml:19:9-21:63
56            android:name="com.facebook.sdk.ApplicationId"
56-->[com.firebaseui:firebase-ui-auth:7.2.0] AndroidManifest.xml:20:13-58
57            android:value="@string/facebook_application_id" />
57-->[com.firebaseui:firebase-ui-auth:7.2.0] AndroidManifest.xml:21:13-60
58
59        <activity
59-->[com.firebaseui:firebase-ui-auth:7.2.0] AndroidManifest.xml:23:9-27:61
60            android:name="com.firebase.ui.auth.KickoffActivity"
60-->[com.firebaseui:firebase-ui-auth:7.2.0] AndroidManifest.xml:24:13-64
61            android:exported="false"
61-->[com.firebaseui:firebase-ui-auth:7.2.0] AndroidManifest.xml:25:13-37
62            android:label=""
62-->[com.firebaseui:firebase-ui-auth:7.2.0] AndroidManifest.xml:26:13-29
63            android:theme="@style/FirebaseUI.Transparent" />
63-->[com.firebaseui:firebase-ui-auth:7.2.0] AndroidManifest.xml:27:13-58
64        <activity
64-->[com.firebaseui:firebase-ui-auth:7.2.0] AndroidManifest.xml:28:9-32:61
65            android:name="com.firebase.ui.auth.ui.idp.SingleSignInActivity"
65-->[com.firebaseui:firebase-ui-auth:7.2.0] AndroidManifest.xml:29:13-76
66            android:exported="false"
66-->[com.firebaseui:firebase-ui-auth:7.2.0] AndroidManifest.xml:30:13-37
67            android:label=""
67-->[com.firebaseui:firebase-ui-auth:7.2.0] AndroidManifest.xml:31:13-29
68            android:theme="@style/FirebaseUI.Transparent" />
68-->[com.firebaseui:firebase-ui-auth:7.2.0] AndroidManifest.xml:32:13-58
69        <activity
69-->[com.firebaseui:firebase-ui-auth:7.2.0] AndroidManifest.xml:33:9-37:61
70            android:name="com.firebase.ui.auth.ui.credentials.CredentialSaveActivity"
70-->[com.firebaseui:firebase-ui-auth:7.2.0] AndroidManifest.xml:34:13-86
71            android:exported="false"
71-->[com.firebaseui:firebase-ui-auth:7.2.0] AndroidManifest.xml:35:13-37
72            android:label=""
72-->[com.firebaseui:firebase-ui-auth:7.2.0] AndroidManifest.xml:36:13-29
73            android:theme="@style/FirebaseUI.Transparent" />
73-->[com.firebaseui:firebase-ui-auth:7.2.0] AndroidManifest.xml:37:13-58
74        <activity
74-->[com.firebaseui:firebase-ui-auth:7.2.0] AndroidManifest.xml:38:9-42:58
75            android:name="com.firebase.ui.auth.ui.email.RecoverPasswordActivity"
75-->[com.firebaseui:firebase-ui-auth:7.2.0] AndroidManifest.xml:39:13-81
76            android:exported="false"
76-->[com.firebaseui:firebase-ui-auth:7.2.0] AndroidManifest.xml:40:13-37
77            android:label="@string/fui_title_recover_password_activity"
77-->[com.firebaseui:firebase-ui-auth:7.2.0] AndroidManifest.xml:41:13-72
78            android:windowSoftInputMode="adjustResize" />
78-->[com.firebaseui:firebase-ui-auth:7.2.0] AndroidManifest.xml:42:13-55
79        <activity
79-->[com.firebaseui:firebase-ui-auth:7.2.0] AndroidManifest.xml:43:9-47:58
80            android:name="com.firebase.ui.auth.ui.email.EmailActivity"
80-->[com.firebaseui:firebase-ui-auth:7.2.0] AndroidManifest.xml:44:13-71
81            android:exported="false"
81-->[com.firebaseui:firebase-ui-auth:7.2.0] AndroidManifest.xml:45:13-37
82            android:label="@string/fui_sign_in_default"
82-->[com.firebaseui:firebase-ui-auth:7.2.0] AndroidManifest.xml:46:13-56
83            android:windowSoftInputMode="adjustResize" />
83-->[com.firebaseui:firebase-ui-auth:7.2.0] AndroidManifest.xml:47:13-55
84        <activity
84-->[com.firebaseui:firebase-ui-auth:7.2.0] AndroidManifest.xml:48:9-52:77
85            android:name="com.firebase.ui.auth.ui.phone.PhoneActivity"
85-->[com.firebaseui:firebase-ui-auth:7.2.0] AndroidManifest.xml:49:13-71
86            android:exported="false"
86-->[com.firebaseui:firebase-ui-auth:7.2.0] AndroidManifest.xml:50:13-37
87            android:label="@string/fui_sign_in_with_phone_number"
87-->[com.firebaseui:firebase-ui-auth:7.2.0] AndroidManifest.xml:51:13-66
88            android:windowSoftInputMode="adjustResize|stateAlwaysVisible" />
88-->[com.firebaseui:firebase-ui-auth:7.2.0] AndroidManifest.xml:52:13-74
89        <activity
89-->[com.firebaseui:firebase-ui-auth:7.2.0] AndroidManifest.xml:53:9-57:58
90            android:name="com.firebase.ui.auth.ui.idp.WelcomeBackIdpPrompt"
90-->[com.firebaseui:firebase-ui-auth:7.2.0] AndroidManifest.xml:54:13-76
91            android:exported="false"
91-->[com.firebaseui:firebase-ui-auth:7.2.0] AndroidManifest.xml:55:13-37
92            android:label="@string/fui_title_welcome_back_idp_prompt"
92-->[com.firebaseui:firebase-ui-auth:7.2.0] AndroidManifest.xml:56:13-70
93            android:windowSoftInputMode="adjustResize" />
93-->[com.firebaseui:firebase-ui-auth:7.2.0] AndroidManifest.xml:57:13-55
94        <activity
94-->[com.firebaseui:firebase-ui-auth:7.2.0] AndroidManifest.xml:58:9-62:58
95            android:name="com.firebase.ui.auth.ui.email.WelcomeBackPasswordPrompt"
95-->[com.firebaseui:firebase-ui-auth:7.2.0] AndroidManifest.xml:59:13-83
96            android:exported="false"
96-->[com.firebaseui:firebase-ui-auth:7.2.0] AndroidManifest.xml:60:13-37
97            android:label="@string/fui_title_welcome_back_password_prompt"
97-->[com.firebaseui:firebase-ui-auth:7.2.0] AndroidManifest.xml:61:13-75
98            android:windowSoftInputMode="adjustResize" />
98-->[com.firebaseui:firebase-ui-auth:7.2.0] AndroidManifest.xml:62:13-55
99        <activity
99-->[com.firebaseui:firebase-ui-auth:7.2.0] AndroidManifest.xml:63:9-67:58
100            android:name="com.firebase.ui.auth.ui.email.WelcomeBackEmailLinkPrompt"
100-->[com.firebaseui:firebase-ui-auth:7.2.0] AndroidManifest.xml:64:13-84
101            android:exported="false"
101-->[com.firebaseui:firebase-ui-auth:7.2.0] AndroidManifest.xml:65:13-37
102            android:label="@string/fui_title_welcome_back_password_prompt"
102-->[com.firebaseui:firebase-ui-auth:7.2.0] AndroidManifest.xml:66:13-75
103            android:windowSoftInputMode="adjustResize" />
103-->[com.firebaseui:firebase-ui-auth:7.2.0] AndroidManifest.xml:67:13-55
104        <activity
104-->[com.firebaseui:firebase-ui-auth:7.2.0] AndroidManifest.xml:68:9-73:58
105            android:name="com.firebase.ui.auth.ui.email.EmailLinkCatcherActivity"
105-->[com.firebaseui:firebase-ui-auth:7.2.0] AndroidManifest.xml:69:13-82
106            android:exported="false"
106-->[com.firebaseui:firebase-ui-auth:7.2.0] AndroidManifest.xml:70:13-37
107            android:label=""
107-->[com.firebaseui:firebase-ui-auth:7.2.0] AndroidManifest.xml:71:13-29
108            android:theme="@style/FirebaseUI.Transparent"
108-->[com.firebaseui:firebase-ui-auth:7.2.0] AndroidManifest.xml:72:13-58
109            android:windowSoftInputMode="adjustResize" />
109-->[com.firebaseui:firebase-ui-auth:7.2.0] AndroidManifest.xml:73:13-55
110        <activity
110-->[com.firebaseui:firebase-ui-auth:7.2.0] AndroidManifest.xml:74:9-78:58
111            android:name="com.firebase.ui.auth.ui.email.EmailLinkErrorRecoveryActivity"
111-->[com.firebaseui:firebase-ui-auth:7.2.0] AndroidManifest.xml:75:13-88
112            android:exported="false"
112-->[com.firebaseui:firebase-ui-auth:7.2.0] AndroidManifest.xml:76:13-37
113            android:label="@string/fui_sign_in_default"
113-->[com.firebaseui:firebase-ui-auth:7.2.0] AndroidManifest.xml:77:13-56
114            android:windowSoftInputMode="adjustResize" />
114-->[com.firebaseui:firebase-ui-auth:7.2.0] AndroidManifest.xml:78:13-55
115        <activity
115-->[com.firebaseui:firebase-ui-auth:7.2.0] AndroidManifest.xml:79:9-82:65
116            android:name="com.firebase.ui.auth.ui.idp.AuthMethodPickerActivity"
116-->[com.firebaseui:firebase-ui-auth:7.2.0] AndroidManifest.xml:80:13-80
117            android:exported="false"
117-->[com.firebaseui:firebase-ui-auth:7.2.0] AndroidManifest.xml:81:13-37
118            android:label="@string/fui_default_toolbar_title" />
118-->[com.firebaseui:firebase-ui-auth:7.2.0] AndroidManifest.xml:82:13-62
119        <activity
119-->[com.firebaseui:firebase-ui-auth:7.2.0] AndroidManifest.xml:83:9-87:48
120            android:name="com.facebook.FacebookActivity"
120-->[com.firebaseui:firebase-ui-auth:7.2.0] AndroidManifest.xml:84:13-57
121            android:configChanges="keyboard|keyboardHidden|screenLayout|screenSize|orientation"
121-->[com.firebaseui:firebase-ui-auth:7.2.0] AndroidManifest.xml:85:13-96
122            android:label="@string/app_name" />
122-->[com.firebaseui:firebase-ui-auth:7.2.0] AndroidManifest.xml:86:13-45
123        <activity
123-->[com.firebaseui:firebase-ui-auth:7.2.0] AndroidManifest.xml:88:9-100:20
124            android:name="com.facebook.CustomTabActivity"
124-->[com.firebaseui:firebase-ui-auth:7.2.0] AndroidManifest.xml:89:13-58
125            android:exported="true" >
125-->[com.firebaseui:firebase-ui-auth:7.2.0] AndroidManifest.xml:90:13-36
126            <intent-filter>
126-->[com.firebaseui:firebase-ui-auth:7.2.0] AndroidManifest.xml:92:13-99:29
127                <action android:name="android.intent.action.VIEW" />
127-->[com.firebaseui:firebase-ui-auth:7.2.0] AndroidManifest.xml:93:17-69
127-->[com.firebaseui:firebase-ui-auth:7.2.0] AndroidManifest.xml:93:25-66
128
129                <category android:name="android.intent.category.DEFAULT" />
129-->[com.firebaseui:firebase-ui-auth:7.2.0] AndroidManifest.xml:95:17-76
129-->[com.firebaseui:firebase-ui-auth:7.2.0] AndroidManifest.xml:95:27-73
130                <category android:name="android.intent.category.BROWSABLE" />
130-->[com.firebaseui:firebase-ui-auth:7.2.0] AndroidManifest.xml:96:17-78
130-->[com.firebaseui:firebase-ui-auth:7.2.0] AndroidManifest.xml:96:27-75
131
132                <data android:scheme="@string/facebook_login_protocol_scheme" />
132-->[com.firebaseui:firebase-ui-auth:7.2.0] AndroidManifest.xml:98:17-81
132-->[com.firebaseui:firebase-ui-auth:7.2.0] AndroidManifest.xml:98:23-78
133            </intent-filter>
134        </activity>
135
136        <provider
136-->[com.firebaseui:firebase-ui-auth:7.2.0] AndroidManifest.xml:102:9-106:38
137            android:name="com.firebase.ui.auth.data.client.AuthUiInitProvider"
137-->[com.firebaseui:firebase-ui-auth:7.2.0] AndroidManifest.xml:103:13-79
138            android:authorities="com.androidfaceauthentication.authuiinitprovider"
138-->[com.firebaseui:firebase-ui-auth:7.2.0] AndroidManifest.xml:104:13-70
139            android:exported="false"
139-->[com.firebaseui:firebase-ui-auth:7.2.0] AndroidManifest.xml:105:13-37
140            android:initOrder="90" />
140-->[com.firebaseui:firebase-ui-auth:7.2.0] AndroidManifest.xml:106:13-35
141
142        <service
142-->[com.google.firebase:firebase-database:20.0.5] AndroidManifest.xml:29:9-35:19
143            android:name="com.google.firebase.components.ComponentDiscoveryService"
143-->[com.google.firebase:firebase-database:20.0.5] AndroidManifest.xml:30:13-84
144            android:directBootAware="true"
144-->[com.google.firebase:firebase-common:20.1.1] AndroidManifest.xml:35:13-43
145            android:exported="false" >
145-->[com.google.firebase:firebase-database:20.0.5] AndroidManifest.xml:31:13-37
146            <meta-data
146-->[com.google.firebase:firebase-database:20.0.5] AndroidManifest.xml:32:13-34:85
147                android:name="com.google.firebase.components:com.google.firebase.database.DatabaseRegistrar"
147-->[com.google.firebase:firebase-database:20.0.5] AndroidManifest.xml:33:17-109
148                android:value="com.google.firebase.components.ComponentRegistrar" />
148-->[com.google.firebase:firebase-database:20.0.5] AndroidManifest.xml:34:17-82
149            <meta-data
149-->[com.google.firebase:firebase-auth:21.0.7] AndroidManifest.xml:67:13-69:85
150                android:name="com.google.firebase.components:com.google.firebase.auth.FirebaseAuthRegistrar"
150-->[com.google.firebase:firebase-auth:21.0.7] AndroidManifest.xml:68:17-109
151                android:value="com.google.firebase.components.ComponentRegistrar" />
151-->[com.google.firebase:firebase-auth:21.0.7] AndroidManifest.xml:69:17-82
152        </service>
153        <service
153-->[com.google.android.gms:play-services-mlkit-face-detection:16.2.0] AndroidManifest.xml:9:9-15:19
154            android:name="com.google.mlkit.common.internal.MlKitComponentDiscoveryService"
154-->[com.google.android.gms:play-services-mlkit-face-detection:16.2.0] AndroidManifest.xml:10:13-91
155            android:directBootAware="true"
155-->[com.google.mlkit:common:17.2.0] AndroidManifest.xml:17:13-43
156            android:exported="false" >
156-->[com.google.android.gms:play-services-mlkit-face-detection:16.2.0] AndroidManifest.xml:11:13-37
157            <meta-data
157-->[com.google.android.gms:play-services-mlkit-face-detection:16.2.0] AndroidManifest.xml:12:13-14:85
158                android:name="com.google.firebase.components:com.google.mlkit.vision.face.internal.FaceRegistrar"
158-->[com.google.android.gms:play-services-mlkit-face-detection:16.2.0] AndroidManifest.xml:13:17-114
159                android:value="com.google.firebase.components.ComponentRegistrar" />
159-->[com.google.android.gms:play-services-mlkit-face-detection:16.2.0] AndroidManifest.xml:14:17-82
160            <meta-data
160-->[com.google.mlkit:vision-common:16.5.0] AndroidManifest.xml:12:13-14:85
161                android:name="com.google.firebase.components:com.google.mlkit.vision.common.internal.VisionCommonRegistrar"
161-->[com.google.mlkit:vision-common:16.5.0] AndroidManifest.xml:13:17-124
162                android:value="com.google.firebase.components.ComponentRegistrar" />
162-->[com.google.mlkit:vision-common:16.5.0] AndroidManifest.xml:14:17-82
163            <meta-data
163-->[com.google.mlkit:common:17.2.0] AndroidManifest.xml:20:13-22:85
164                android:name="com.google.firebase.components:com.google.mlkit.common.internal.CommonComponentRegistrar"
164-->[com.google.mlkit:common:17.2.0] AndroidManifest.xml:21:17-120
165                android:value="com.google.firebase.components.ComponentRegistrar" />
165-->[com.google.mlkit:common:17.2.0] AndroidManifest.xml:22:17-82
166        </service>
167
168        <provider
168-->[com.google.mlkit:common:17.2.0] AndroidManifest.xml:9:9-13:38
169            android:name="com.google.mlkit.common.internal.MlKitInitProvider"
169-->[com.google.mlkit:common:17.2.0] AndroidManifest.xml:10:13-78
170            android:authorities="com.androidfaceauthentication.mlkitinitprovider"
170-->[com.google.mlkit:common:17.2.0] AndroidManifest.xml:11:13-69
171            android:exported="false"
171-->[com.google.mlkit:common:17.2.0] AndroidManifest.xml:12:13-37
172            android:initOrder="99" />
172-->[com.google.mlkit:common:17.2.0] AndroidManifest.xml:13:13-35
173
174        <service
174-->[com.google.android.datatransport:transport-backend-cct:2.3.3] AndroidManifest.xml:29:9-35:19
175            android:name="com.google.android.datatransport.runtime.backends.TransportBackendDiscovery"
175-->[com.google.android.datatransport:transport-backend-cct:2.3.3] AndroidManifest.xml:30:13-103
176            android:exported="false" >
176-->[com.google.android.datatransport:transport-backend-cct:2.3.3] AndroidManifest.xml:31:13-37
177            <meta-data
177-->[com.google.android.datatransport:transport-backend-cct:2.3.3] AndroidManifest.xml:32:13-34:39
178                android:name="backend:com.google.android.datatransport.cct.CctBackendFactory"
178-->[com.google.android.datatransport:transport-backend-cct:2.3.3] AndroidManifest.xml:33:17-94
179                android:value="cct" />
179-->[com.google.android.datatransport:transport-backend-cct:2.3.3] AndroidManifest.xml:34:17-36
180        </service>
181
182        <activity
182-->[com.google.firebase:firebase-auth:21.0.7] AndroidManifest.xml:27:9-44:20
183            android:name="com.google.firebase.auth.internal.GenericIdpActivity"
183-->[com.google.firebase:firebase-auth:21.0.7] AndroidManifest.xml:28:13-80
184            android:excludeFromRecents="true"
184-->[com.google.firebase:firebase-auth:21.0.7] AndroidManifest.xml:29:13-46
185            android:exported="true"
185-->[com.google.firebase:firebase-auth:21.0.7] AndroidManifest.xml:30:13-36
186            android:launchMode="singleTask"
186-->[com.google.firebase:firebase-auth:21.0.7] AndroidManifest.xml:31:13-44
187            android:theme="@android:style/Theme.Translucent.NoTitleBar" >
187-->[com.google.firebase:firebase-auth:21.0.7] AndroidManifest.xml:32:13-72
188            <intent-filter>
188-->[com.google.firebase:firebase-auth:21.0.7] AndroidManifest.xml:33:13-43:29
189                <action android:name="android.intent.action.VIEW" />
189-->[com.firebaseui:firebase-ui-auth:7.2.0] AndroidManifest.xml:93:17-69
189-->[com.firebaseui:firebase-ui-auth:7.2.0] AndroidManifest.xml:93:25-66
190
191                <category android:name="android.intent.category.DEFAULT" />
191-->[com.firebaseui:firebase-ui-auth:7.2.0] AndroidManifest.xml:95:17-76
191-->[com.firebaseui:firebase-ui-auth:7.2.0] AndroidManifest.xml:95:27-73
192                <category android:name="android.intent.category.BROWSABLE" />
192-->[com.firebaseui:firebase-ui-auth:7.2.0] AndroidManifest.xml:96:17-78
192-->[com.firebaseui:firebase-ui-auth:7.2.0] AndroidManifest.xml:96:27-75
193
194                <data
194-->[com.firebaseui:firebase-ui-auth:7.2.0] AndroidManifest.xml:98:17-81
195                    android:host="firebase.auth"
196                    android:path="/"
197                    android:scheme="genericidp" />
197-->[com.firebaseui:firebase-ui-auth:7.2.0] AndroidManifest.xml:98:23-78
198            </intent-filter>
199        </activity>
200        <activity
200-->[com.google.firebase:firebase-auth:21.0.7] AndroidManifest.xml:45:9-62:20
201            android:name="com.google.firebase.auth.internal.RecaptchaActivity"
201-->[com.google.firebase:firebase-auth:21.0.7] AndroidManifest.xml:46:13-79
202            android:excludeFromRecents="true"
202-->[com.google.firebase:firebase-auth:21.0.7] AndroidManifest.xml:47:13-46
203            android:exported="true"
203-->[com.google.firebase:firebase-auth:21.0.7] AndroidManifest.xml:48:13-36
204            android:launchMode="singleTask"
204-->[com.google.firebase:firebase-auth:21.0.7] AndroidManifest.xml:49:13-44
205            android:theme="@android:style/Theme.Translucent.NoTitleBar" >
205-->[com.google.firebase:firebase-auth:21.0.7] AndroidManifest.xml:50:13-72
206            <intent-filter>
206-->[com.google.firebase:firebase-auth:21.0.7] AndroidManifest.xml:51:13-61:29
207                <action android:name="android.intent.action.VIEW" />
207-->[com.firebaseui:firebase-ui-auth:7.2.0] AndroidManifest.xml:93:17-69
207-->[com.firebaseui:firebase-ui-auth:7.2.0] AndroidManifest.xml:93:25-66
208
209                <category android:name="android.intent.category.DEFAULT" />
209-->[com.firebaseui:firebase-ui-auth:7.2.0] AndroidManifest.xml:95:17-76
209-->[com.firebaseui:firebase-ui-auth:7.2.0] AndroidManifest.xml:95:27-73
210                <category android:name="android.intent.category.BROWSABLE" />
210-->[com.firebaseui:firebase-ui-auth:7.2.0] AndroidManifest.xml:96:17-78
210-->[com.firebaseui:firebase-ui-auth:7.2.0] AndroidManifest.xml:96:27-75
211
212                <data
212-->[com.firebaseui:firebase-ui-auth:7.2.0] AndroidManifest.xml:98:17-81
213                    android:host="firebase.auth"
214                    android:path="/"
215                    android:scheme="recaptcha" />
215-->[com.firebaseui:firebase-ui-auth:7.2.0] AndroidManifest.xml:98:23-78
216            </intent-filter>
217        </activity>
218
219        <provider
219-->[com.google.firebase:firebase-common:20.1.1] AndroidManifest.xml:26:9-31:39
220            android:name="com.google.firebase.provider.FirebaseInitProvider"
220-->[com.google.firebase:firebase-common:20.1.1] AndroidManifest.xml:27:13-77
221            android:authorities="com.androidfaceauthentication.firebaseinitprovider"
221-->[com.google.firebase:firebase-common:20.1.1] AndroidManifest.xml:28:13-72
222            android:directBootAware="true"
222-->[com.google.firebase:firebase-common:20.1.1] AndroidManifest.xml:29:13-43
223            android:exported="false"
223-->[com.google.firebase:firebase-common:20.1.1] AndroidManifest.xml:30:13-37
224            android:initOrder="100" />
224-->[com.google.firebase:firebase-common:20.1.1] AndroidManifest.xml:31:13-36
225
226        <activity
226-->[com.google.android.gms:play-services-auth:19.0.0] AndroidManifest.xml:23:9-27:75
227            android:name="com.google.android.gms.auth.api.signin.internal.SignInHubActivity"
227-->[com.google.android.gms:play-services-auth:19.0.0] AndroidManifest.xml:24:13-93
228            android:excludeFromRecents="true"
228-->[com.google.android.gms:play-services-auth:19.0.0] AndroidManifest.xml:25:13-46
229            android:exported="false"
229-->[com.google.android.gms:play-services-auth:19.0.0] AndroidManifest.xml:26:13-37
230            android:theme="@android:style/Theme.Translucent.NoTitleBar" />
230-->[com.google.android.gms:play-services-auth:19.0.0] AndroidManifest.xml:27:13-72
231        <!--
232            Service handling Google Sign-In user revocation. For apps that do not integrate with
233            Google Sign-In, this service will never be started.
234        -->
235        <service
235-->[com.google.android.gms:play-services-auth:19.0.0] AndroidManifest.xml:33:9-37:51
236            android:name="com.google.android.gms.auth.api.signin.RevocationBoundService"
236-->[com.google.android.gms:play-services-auth:19.0.0] AndroidManifest.xml:34:13-89
237            android:exported="true"
237-->[com.google.android.gms:play-services-auth:19.0.0] AndroidManifest.xml:35:13-36
238            android:permission="com.google.android.gms.auth.api.signin.permission.REVOCATION_NOTIFICATION"
238-->[com.google.android.gms:play-services-auth:19.0.0] AndroidManifest.xml:36:13-107
239            android:visibleToInstantApps="true" />
239-->[com.google.android.gms:play-services-auth:19.0.0] AndroidManifest.xml:37:13-48
240
241        <activity
241-->[com.google.android.gms:play-services-base:18.0.1] AndroidManifest.xml:20:9-22:45
242            android:name="com.google.android.gms.common.api.GoogleApiActivity"
242-->[com.google.android.gms:play-services-base:18.0.1] AndroidManifest.xml:20:19-85
243            android:exported="false"
243-->[com.google.android.gms:play-services-base:18.0.1] AndroidManifest.xml:22:19-43
244            android:theme="@android:style/Theme.Translucent.NoTitleBar" />
244-->[com.google.android.gms:play-services-base:18.0.1] AndroidManifest.xml:21:19-78
245
246        <provider
246-->[androidx.lifecycle:lifecycle-process:2.2.0] AndroidManifest.xml:25:9-29:43
247            android:name="androidx.lifecycle.ProcessLifecycleOwnerInitializer"
247-->[androidx.lifecycle:lifecycle-process:2.2.0] AndroidManifest.xml:26:13-79
248            android:authorities="com.androidfaceauthentication.lifecycle-process"
248-->[androidx.lifecycle:lifecycle-process:2.2.0] AndroidManifest.xml:27:13-69
249            android:exported="false"
249-->[androidx.lifecycle:lifecycle-process:2.2.0] AndroidManifest.xml:28:13-37
250            android:multiprocess="true" />
250-->[androidx.lifecycle:lifecycle-process:2.2.0] AndroidManifest.xml:29:13-40
251
252        <service
252-->[com.google.android.datatransport:transport-runtime:2.2.6] AndroidManifest.xml:26:9-30:19
253            android:name="com.google.android.datatransport.runtime.scheduling.jobscheduling.JobInfoSchedulerService"
253-->[com.google.android.datatransport:transport-runtime:2.2.6] AndroidManifest.xml:27:13-117
254            android:exported="false"
254-->[com.google.android.datatransport:transport-runtime:2.2.6] AndroidManifest.xml:28:13-37
255            android:permission="android.permission.BIND_JOB_SERVICE" >
255-->[com.google.android.datatransport:transport-runtime:2.2.6] AndroidManifest.xml:29:13-69
256        </service>
257
258        <receiver
258-->[com.google.android.datatransport:transport-runtime:2.2.6] AndroidManifest.xml:32:9-34:40
259            android:name="com.google.android.datatransport.runtime.scheduling.jobscheduling.AlarmManagerSchedulerBroadcastReceiver"
259-->[com.google.android.datatransport:transport-runtime:2.2.6] AndroidManifest.xml:33:13-132
260            android:exported="false" />
260-->[com.google.android.datatransport:transport-runtime:2.2.6] AndroidManifest.xml:34:13-37
261    </application>
262
263</manifest>